Using pre-set license
Built from '2020.2/release' branch; Version is '2020.2.1f1 (270dd8c3da1c) revision 2559448'; Using compiler version '192528614'; Build Type 'Release'
OS: 'Windows 10  (10.0.0) 64bit' Language: 'en' Physical Memory: 16146 MB
BatchMode: 1, IsHumanControllingUs: 0, StartBugReporterOnCrash: 0, Is64bit: 1, IsPro: 0

 COMMAND LINE ARGUMENTS:
C:\Program Files\Unity\Hub\Editor\2020.2.1f1\Editor\Unity.exe
-adb2
-batchMode
-noUpm
-name
AssetImportWorker0
-projectPath
C:/Unity/Game3
-logFile
Logs/AssetImportWorker0.log
-srvPort
64329
Successfully changed project path to: C:/Unity/Game3
C:/Unity/Game3
Using Asset Import Pipeline V2.
Refreshing native plugins compatible for Editor in 34.24 ms, found 1 plugins.
Preloading 0 native plugins for Editor in 0.00 ms.
Initialize engine version: 2020.2.1f1 (270dd8c3da1c)
[Subsystems] Discovering subsystems at path C:/Program Files/Unity/Hub/Editor/2020.2.1f1/Editor/Data/Resources/UnitySubsystems
[Subsystems] Discovering subsystems at path C:/Unity/Game3/Assets
GfxDevice: creating device client; threaded=0
Direct3D:
    Version:  Direct3D 11.0 [level 11.1]
    Renderer: NVIDIA GeForce RTX 2070 Super (ID=0x1ed1)
    Vendor:   
    VRAM:     8011 MB
    Driver:   27.21.14.6089
Initialize mono
Mono path[0] = 'C:/Program Files/Unity/Hub/Editor/2020.2.1f1/Editor/Data/Managed'
Mono path[1] = 'C:/Program Files/Unity/Hub/Editor/2020.2.1f1/Editor/Data/MonoBleedingEdge/lib/mono/unityjit'
Mono config path = 'C:/Program Files/Unity/Hub/Editor/2020.2.1f1/Editor/Data/MonoBleedingEdge/etc'
Using monoOptions --debugger-agent=transport=dt_socket,embedding=1,server=y,suspend=n,address=127.0.0.1:56424
Begin MonoManager ReloadAssembly
Registering precompiled unity dll's ...
Register platform support module: C:/Program Files/Unity/Hub/Editor/2020.2.1f1/Editor/Data/PlaybackEngines/WindowsStandaloneSupport/UnityEditor.WindowsStandalone.Extensions.dll
Registered in 0.001623 seconds.
Native extension for WindowsStandalone target not found
Refreshing native plugins compatible for Editor in 33.67 ms, found 1 plugins.
Preloading 0 native plugins for Editor in 0.00 ms.
Invoked RoslynAnalysisRunner static constructor.
RoslynAnalysisRunner will not be running.
RoslynAnalysisRunner has terminated.
Mono: successfully reloaded assembly
- Completed reload, in  0.906 seconds
Platform modules already initialized, skipping
Registering precompiled user dll's ...
Registered in 0.000751 seconds.
Begin MonoManager ReloadAssembly
Native extension for WindowsStandalone target not found
Refreshing native plugins compatible for Editor in 35.09 ms, found 1 plugins.
Preloading 0 native plugins for Editor in 0.00 ms.
Invoked RoslynAnalysisRunner static constructor.
RoslynAnalysisRunner will not be running.
RoslynAnalysisRunner has terminated.
Mono: successfully reloaded assembly
- Completed reload, in  0.896 seconds
Platform modules already initialized, skipping
========================================================================
Worker process is ready to serve import requests
Launched and connected shader compiler UnityShaderCompiler.exe after 0.03 seconds
Refreshing native plugins compatible for Editor in 0.47 ms, found 1 plugins.
Preloading 0 native plugins for Editor in 0.00 ms.
Unloading 1842 Unused Serialized files (Serialized files now loaded: 0)
System memory in use before: 86.6 MB.
System memory in use after: 86.6 MB.

Unloading 24 unused Assets to reduce memory usage. Loaded Objects now: 2282.
Total: 1.776700 ms (FindLiveObjects: 0.204700 ms CreateObjectMapping: 0.078400 ms MarkObjects: 1.384900 ms  DeleteObjects: 0.107500 ms)

========================================================================
Received Import Request.
  path: Assets/Scenes/New Scene.unity
  artifactKey: Guid(026e13c69666d8c4d9cd926a7c8bdd1d) Importer(815301076,1909f56bfc062723c751e8b465ee728b)
Start importing Assets/Scenes/New Scene.unity using Guid(026e13c69666d8c4d9cd926a7c8bdd1d) Importer(815301076,1909f56bfc062723c751e8b465ee728b)  -> (artifact id: '88638a84d3d73bc1ca7d0d90b6e1e95b') in 0.015201 seconds
  Import took 0.018464 seconds .

========================================================================
Received Import Request.
  Time since last request: 314.726022 seconds.
  path: Assets/Scripts/Control/PlayerController.cs
  artifactKey: Guid(3bc0fabded1542748878ccf403168405) Importer(815301076,1909f56bfc062723c751e8b465ee728b)
Start importing Assets/Scripts/Control/PlayerController.cs using Guid(3bc0fabded1542748878ccf403168405) Importer(815301076,1909f56bfc062723c751e8b465ee728b)  -> (artifact id: '3d3fed04d2e18e8c5b6984a6f5ced3c0') in 0.032275 seconds
  Import took 0.035257 seconds .

========================================================================
Received Import Request.
  Time since last request: 109.434538 seconds.
  path: Assets/Scripts/Control/PlayerController.cs
  artifactKey: Guid(3bc0fabded1542748878ccf403168405) Importer(815301076,1909f56bfc062723c751e8b465ee728b)
Start importing Assets/Scripts/Control/PlayerController.cs using Guid(3bc0fabded1542748878ccf403168405) Importer(815301076,1909f56bfc062723c751e8b465ee728b)  -> (artifact id: 'de1f4475fa13653a139c9c664ab6ad74') in 0.002161 seconds
  Import took 0.005058 seconds .

========================================================================
Received Prepare
Registering precompiled user dll's ...
Registered in 0.000842 seconds.
Begin MonoManager ReloadAssembly
Native extension for WindowsStandalone target not found
Refreshing native plugins compatible for Editor in 0.49 ms, found 1 plugins.
Preloading 0 native plugins for Editor in 0.00 ms.
Invoked RoslynAnalysisRunner static constructor.
RoslynAnalysisRunner will not be running.
RoslynAnalysisRunner has terminated.
Mono: successfully reloaded assembly
- Completed reload, in  0.792 seconds
Platform modules already initialized, skipping
Refreshing native plugins compatible for Editor in 0.40 ms, found 1 plugins.
Preloading 0 native plugins for Editor in 0.00 ms.
Unloading 1824 Unused Serialized files (Serialized files now loaded: 0)
System memory in use before: 85.7 MB.
System memory in use after: 85.7 MB.

Unloading 12 unused Assets to reduce memory usage. Loaded Objects now: 2285.
Total: 2.072800 ms (FindLiveObjects: 0.269800 ms CreateObjectMapping: 0.100100 ms MarkObjects: 1.615300 ms  DeleteObjects: 0.086000 ms)

========================================================================
Received Prepare
Registering precompiled user dll's ...
Registered in 0.000812 seconds.
Begin MonoManager ReloadAssembly
Native extension for WindowsStandalone target not found
Refreshing native plugins compatible for Editor in 0.34 ms, found 1 plugins.
Preloading 0 native plugins for Editor in 0.00 ms.
Invoked RoslynAnalysisRunner static constructor.
RoslynAnalysisRunner will not be running.
RoslynAnalysisRunner has terminated.
Mono: successfully reloaded assembly
- Completed reload, in  0.765 seconds
Platform modules already initialized, skipping
Refreshing native plugins compatible for Editor in 0.37 ms, found 1 plugins.
Preloading 0 native plugins for Editor in 0.00 ms.
Unloading 1824 Unused Serialized files (Serialized files now loaded: 0)
System memory in use before: 85.9 MB.
System memory in use after: 85.9 MB.

Unloading 12 unused Assets to reduce memory usage. Loaded Objects now: 2288.
Total: 2.181100 ms (FindLiveObjects: 0.262600 ms CreateObjectMapping: 0.089500 ms MarkObjects: 1.690500 ms  DeleteObjects: 0.137100 ms)

========================================================================
Received Import Request.
  Time since last request: 213.177376 seconds.
  path: Assets/Scenes/Login.unity
  artifactKey: Guid(026e13c69666d8c4d9cd926a7c8bdd1d) Importer(815301076,1909f56bfc062723c751e8b465ee728b)
Start importing Assets/Scenes/Login.unity using Guid(026e13c69666d8c4d9cd926a7c8bdd1d) Importer(815301076,1909f56bfc062723c751e8b465ee728b)  -> (artifact id: '400de75c2408bb061c2a3a5722aae155') in 0.022202 seconds
  Import took 0.025811 seconds .

========================================================================
Received Prepare
Registering precompiled user dll's ...
Registered in 0.006476 seconds.
Begin MonoManager ReloadAssembly
Symbol file LoadedFromMemory is not a mono symbol file
Symbol file LoadedFromMemory is not a mono symbol file
Symbol file LoadedFromMemory is not a mono symbol file
Symbol file LoadedFromMemory is not a mono symbol file
Symbol file LoadedFromMemory is not a mono symbol file
Native extension for WindowsStandalone target not found
Refreshing native plugins compatible for Editor in 0.65 ms, found 1 plugins.
Preloading 0 native plugins for Editor in 0.00 ms.
Invoked RoslynAnalysisRunner static constructor.
RoslynAnalysisRunner will not be running.
RoslynAnalysisRunner has terminated.
CreateSerializedAsset is not supported while importing out-of-process
UnityEngine.StackTraceUtility:ExtractStackTrace ()
Photon.Compression.Internal.TypeCatalogue:EnsureExists () (at Assets/Photon/PhotonUtilities/PackObject/CodeGen/TypeCatalogue.cs:210)
Photon.Compression.Internal.TypeCatalogue:Initialize () (at Assets/Photon/PhotonUtilities/PackObject/CodeGen/TypeCatalogue.cs:56)

[Assets/Photon/PhotonUtilities/PackObject/CodeGen/TypeCatalogue.cs line 210]

UnityException: Creating asset at path Assets/Photon/PhotonUtilities\PackObject\CodeGen\Editor\Resources\TypeCatalogue.asset failed.
  at (wrapper managed-to-native) UnityEditor.AssetDatabase.CreateAsset(UnityEngine.Object,string)
  at Photon.Compression.Internal.TypeCatalogue.EnsureExists () [0x0005e] in C:\Unity\Game3\Assets\Photon\PhotonUtilities\PackObject\CodeGen\TypeCatalogue.cs:210 
  at Photon.Compression.Internal.TypeCatalogue.Initialize () [0x00005] in C:\Unity\Game3\Assets\Photon\PhotonUtilities\PackObject\CodeGen\TypeCatalogue.cs:56 

(Filename: Assets/Photon/PhotonUtilities/PackObject/CodeGen/TypeCatalogue.cs Line: 210)

Mono: successfully reloaded assembly
- Completed reload, in  0.891 seconds
Platform modules already initialized, skipping
Refreshing native plugins compatible for Editor in 0.49 ms, found 1 plugins.
Preloading 0 native plugins for Editor in 0.00 ms.
Unloading 2427 Unused Serialized files (Serialized files now loaded: 0)
System memory in use before: 110.3 MB.
System memory in use after: 109.6 MB.

Unloading 177 unused Assets to reduce memory usage. Loaded Objects now: 2751.
Total: 4.427500 ms (FindLiveObjects: 0.589200 ms CreateObjectMapping: 0.285000 ms MarkObjects: 2.326800 ms  DeleteObjects: 1.224800 ms)

========================================================================
Received Import Request.
  Time since last request: 842.914254 seconds.
  path: Assets/Photon/PhotonUnityNetworking/Resources/PhotonServerSettings.asset
  artifactKey: Guid(be24b88ccc5070649be673be069faa12) Importer(815301076,1909f56bfc062723c751e8b465ee728b)
Start importing Assets/Photon/PhotonUnityNetworking/Resources/PhotonServerSettings.asset using Guid(be24b88ccc5070649be673be069faa12) Importer(815301076,1909f56bfc062723c751e8b465ee728b)  -> (artifact id: '456f10f83df2bc2629d9d02e2e9cc094') in 0.022217 seconds
  Import took 0.026863 seconds .

========================================================================
Received Import Request.
  Time since last request: 0.006221 seconds.
  path: Assets/Photon/PhotonUnityNetworking/Resources/PhotonServerSettings.asset
  artifactKey: Guid(be24b88ccc5070649be673be069faa12) Importer(815301076,1909f56bfc062723c751e8b465ee728b)
Start importing Assets/Photon/PhotonUnityNetworking/Resources/PhotonServerSettings.asset using Guid(be24b88ccc5070649be673be069faa12) Importer(815301076,1909f56bfc062723c751e8b465ee728b)  -> (artifact id: '456f10f83df2bc2629d9d02e2e9cc094') in 0.003581 seconds
  Import took 0.008371 seconds .

========================================================================
Received Prepare
Registering precompiled user dll's ...
Registered in 0.003387 seconds.
Begin MonoManager ReloadAssembly
Symbol file LoadedFromMemory is not a mono symbol file
Symbol file LoadedFromMemory is not a mono symbol file
Symbol file LoadedFromMemory is not a mono symbol file
Symbol file LoadedFromMemory is not a mono symbol file
Symbol file LoadedFromMemory is not a mono symbol file
Native extension for WindowsStandalone target not found
Refreshing native plugins compatible for Editor in 0.72 ms, found 1 plugins.
Preloading 0 native plugins for Editor in 0.00 ms.
Invoked RoslynAnalysisRunner static constructor.
RoslynAnalysisRunner will not be running.
RoslynAnalysisRunner has terminated.
CreateSerializedAsset is not supported while importing out-of-process
UnityEngine.StackTraceUtility:ExtractStackTrace ()
Photon.Compression.Internal.TypeCatalogue:EnsureExists () (at Assets/Photon/PhotonUtilities/PackObject/CodeGen/TypeCatalogue.cs:210)
Photon.Compression.Internal.TypeCatalogue:Initialize () (at Assets/Photon/PhotonUtilities/PackObject/CodeGen/TypeCatalogue.cs:56)

[Assets/Photon/PhotonUtilities/PackObject/CodeGen/TypeCatalogue.cs line 210]

UnityException: Creating asset at path Assets/Photon/PhotonUtilities\PackObject\CodeGen\Editor\Resources\TypeCatalogue.asset failed.
  at (wrapper managed-to-native) UnityEditor.AssetDatabase.CreateAsset(UnityEngine.Object,string)
  at Photon.Compression.Internal.TypeCatalogue.EnsureExists () [0x0005e] in C:\Unity\Game3\Assets\Photon\PhotonUtilities\PackObject\CodeGen\TypeCatalogue.cs:210 
  at Photon.Compression.Internal.TypeCatalogue.Initialize () [0x00005] in C:\Unity\Game3\Assets\Photon\PhotonUtilities\PackObject\CodeGen\TypeCatalogue.cs:56 

(Filename: Assets/Photon/PhotonUtilities/PackObject/CodeGen/TypeCatalogue.cs Line: 210)

Mono: successfully reloaded assembly
- Completed reload, in  0.962 seconds
Platform modules already initialized, skipping
Refreshing native plugins compatible for Editor in 0.47 ms, found 1 plugins.
Preloading 0 native plugins for Editor in 0.00 ms.
Unloading 2427 Unused Serialized files (Serialized files now loaded: 0)
System memory in use before: 110.5 MB.
System memory in use after: 109.9 MB.

Unloading 177 unused Assets to reduce memory usage. Loaded Objects now: 2755.
Total: 2.557800 ms (FindLiveObjects: 0.257100 ms CreateObjectMapping: 0.133400 ms MarkObjects: 1.547800 ms  DeleteObjects: 0.618400 ms)

========================================================================
Received Prepare
Registering precompiled user dll's ...
Registered in 0.003531 seconds.
Begin MonoManager ReloadAssembly
Symbol file LoadedFromMemory is not a mono symbol file
Symbol file LoadedFromMemory is not a mono symbol file
Symbol file LoadedFromMemory is not a mono symbol file
Symbol file LoadedFromMemory is not a mono symbol file
Symbol file LoadedFromMemory is not a mono symbol file
Native extension for WindowsStandalone target not found
Refreshing native plugins compatible for Editor in 0.97 ms, found 1 plugins.
Preloading 0 native plugins for Editor in 0.00 ms.
Invoked RoslynAnalysisRunner static constructor.
RoslynAnalysisRunner will not be running.
RoslynAnalysisRunner has terminated.
CreateSerializedAsset is not supported while importing out-of-process
UnityEngine.StackTraceUtility:ExtractStackTrace ()
Photon.Compression.Internal.TypeCatalogue:EnsureExists () (at Assets/Photon/PhotonUtilities/PackObject/CodeGen/TypeCatalogue.cs:210)
Photon.Compression.Internal.TypeCatalogue:Initialize () (at Assets/Photon/PhotonUtilities/PackObject/CodeGen/TypeCatalogue.cs:56)

[Assets/Photon/PhotonUtilities/PackObject/CodeGen/TypeCatalogue.cs line 210]

UnityException: Creating asset at path Assets/Photon/PhotonUtilities\PackObject\CodeGen\Editor\Resources\TypeCatalogue.asset failed.
  at (wrapper managed-to-native) UnityEditor.AssetDatabase.CreateAsset(UnityEngine.Object,string)
  at Photon.Compression.Internal.TypeCatalogue.EnsureExists () [0x0005e] in C:\Unity\Game3\Assets\Photon\PhotonUtilities\PackObject\CodeGen\TypeCatalogue.cs:210 
  at Photon.Compression.Internal.TypeCatalogue.Initialize () [0x00005] in C:\Unity\Game3\Assets\Photon\PhotonUtilities\PackObject\CodeGen\TypeCatalogue.cs:56 

(Filename: Assets/Photon/PhotonUtilities/PackObject/CodeGen/TypeCatalogue.cs Line: 210)

Mono: successfully reloaded assembly
- Completed reload, in  0.895 seconds
Platform modules already initialized, skipping
Refreshing native plugins compatible for Editor in 0.57 ms, found 1 plugins.
Preloading 0 native plugins for Editor in 0.00 ms.
Unloading 2427 Unused Serialized files (Serialized files now loaded: 0)
System memory in use before: 110.8 MB.
System memory in use after: 110.1 MB.

Unloading 177 unused Assets to reduce memory usage. Loaded Objects now: 2759.
Total: 2.401400 ms (FindLiveObjects: 0.258000 ms CreateObjectMapping: 0.123300 ms MarkObjects: 1.390600 ms  DeleteObjects: 0.628400 ms)

========================================================================
Received Import Request.
  Time since last request: 1074.525381 seconds.
  path: Assets/Scripts/Core
  artifactKey: Guid(8bb5095bdeee5d04a9a85dc1646eb5f7) Importer(815301076,1909f56bfc062723c751e8b465ee728b)
Start importing Assets/Scripts/Core using Guid(8bb5095bdeee5d04a9a85dc1646eb5f7) Importer(815301076,1909f56bfc062723c751e8b465ee728b)  -> (artifact id: '66159f83f7ce2c8881ec52eb4c3ccefd') in 0.010181 seconds
  Import took 0.014814 seconds .

========================================================================
Received Import Request.
  Time since last request: 20.251569 seconds.
  path: Assets/Scripts/Core/LoginManager.cs
  artifactKey: Guid(234cc2b69e083024282f914675df5290) Importer(815301076,1909f56bfc062723c751e8b465ee728b)
Start importing Assets/Scripts/Core/LoginManager.cs using Guid(234cc2b69e083024282f914675df5290) Importer(815301076,1909f56bfc062723c751e8b465ee728b)  -> (artifact id: '3116de6eb9d92f1dc85de318678a0d48') in 0.008944 seconds
  Import took 0.014793 seconds .

========================================================================
Received Prepare
Registering precompiled user dll's ...
Registered in 0.003588 seconds.
Begin MonoManager ReloadAssembly
Symbol file LoadedFromMemory is not a mono symbol file
Symbol file LoadedFromMemory is not a mono symbol file
Symbol file LoadedFromMemory is not a mono symbol file
Symbol file LoadedFromMemory is not a mono symbol file
Symbol file LoadedFromMemory is not a mono symbol file
Native extension for WindowsStandalone target not found
Refreshing native plugins compatible for Editor in 0.50 ms, found 1 plugins.
Preloading 0 native plugins for Editor in 0.00 ms.
Invoked RoslynAnalysisRunner static constructor.
RoslynAnalysisRunner will not be running.
RoslynAnalysisRunner has terminated.
CreateSerializedAsset is not supported while importing out-of-process
UnityEngine.StackTraceUtility:ExtractStackTrace ()
Photon.Compression.Internal.TypeCatalogue:EnsureExists () (at Assets/Photon/PhotonUtilities/PackObject/CodeGen/TypeCatalogue.cs:210)
Photon.Compression.Internal.TypeCatalogue:Initialize () (at Assets/Photon/PhotonUtilities/PackObject/CodeGen/TypeCatalogue.cs:56)

[Assets/Photon/PhotonUtilities/PackObject/CodeGen/TypeCatalogue.cs line 210]

UnityException: Creating asset at path Assets/Photon/PhotonUtilities\PackObject\CodeGen\Editor\Resources\TypeCatalogue.asset failed.
  at (wrapper managed-to-native) UnityEditor.AssetDatabase.CreateAsset(UnityEngine.Object,string)
  at Photon.Compression.Internal.TypeCatalogue.EnsureExists () [0x0005e] in C:\Unity\Game3\Assets\Photon\PhotonUtilities\PackObject\CodeGen\TypeCatalogue.cs:210 
  at Photon.Compression.Internal.TypeCatalogue.Initialize () [0x00005] in C:\Unity\Game3\Assets\Photon\PhotonUtilities\PackObject\CodeGen\TypeCatalogue.cs:56 

(Filename: Assets/Photon/PhotonUtilities/PackObject/CodeGen/TypeCatalogue.cs Line: 210)

Mono: successfully reloaded assembly
- Completed reload, in  0.932 seconds
Platform modules already initialized, skipping
Refreshing native plugins compatible for Editor in 0.47 ms, found 1 plugins.
Preloading 0 native plugins for Editor in 0.00 ms.
Unloading 2428 Unused Serialized files (Serialized files now loaded: 0)
System memory in use before: 110.9 MB.
System memory in use after: 110.3 MB.

Unloading 177 unused Assets to reduce memory usage. Loaded Objects now: 2764.
Total: 2.898800 ms (FindLiveObjects: 0.356900 ms CreateObjectMapping: 0.160100 ms MarkObjects: 1.750600 ms  DeleteObjects: 0.629500 ms)

========================================================================
Received Prepare
Registering precompiled user dll's ...
Registered in 0.003492 seconds.
Begin MonoManager ReloadAssembly
Symbol file LoadedFromMemory is not a mono symbol file
Symbol file LoadedFromMemory is not a mono symbol file
Symbol file LoadedFromMemory is not a mono symbol file
Symbol file LoadedFromMemory is not a mono symbol file
Symbol file LoadedFromMemory is not a mono symbol file
Native extension for WindowsStandalone target not found
Refreshing native plugins compatible for Editor in 0.49 ms, found 1 plugins.
Preloading 0 native plugins for Editor in 0.00 ms.
Invoked RoslynAnalysisRunner static constructor.
RoslynAnalysisRunner will not be running.
RoslynAnalysisRunner has terminated.
CreateSerializedAsset is not supported while importing out-of-process
UnityEngine.StackTraceUtility:ExtractStackTrace ()
Photon.Compression.Internal.TypeCatalogue:EnsureExists () (at Assets/Photon/PhotonUtilities/PackObject/CodeGen/TypeCatalogue.cs:210)
Photon.Compression.Internal.TypeCatalogue:Initialize () (at Assets/Photon/PhotonUtilities/PackObject/CodeGen/TypeCatalogue.cs:56)

[Assets/Photon/PhotonUtilities/PackObject/CodeGen/TypeCatalogue.cs line 210]

UnityException: Creating asset at path Assets/Photon/PhotonUtilities\PackObject\CodeGen\Editor\Resources\TypeCatalogue.asset failed.
  at (wrapper managed-to-native) UnityEditor.AssetDatabase.CreateAsset(UnityEngine.Object,string)
  at Photon.Compression.Internal.TypeCatalogue.EnsureExists () [0x0005e] in C:\Unity\Game3\Assets\Photon\PhotonUtilities\PackObject\CodeGen\TypeCatalogue.cs:210 
  at Photon.Compression.Internal.TypeCatalogue.Initialize () [0x00005] in C:\Unity\Game3\Assets\Photon\PhotonUtilities\PackObject\CodeGen\TypeCatalogue.cs:56 

(Filename: Assets/Photon/PhotonUtilities/PackObject/CodeGen/TypeCatalogue.cs Line: 210)

Mono: successfully reloaded assembly
- Completed reload, in  0.904 seconds
Platform modules already initialized, skipping
Refreshing native plugins compatible for Editor in 0.62 ms, found 1 plugins.
Preloading 0 native plugins for Editor in 0.00 ms.
Unloading 2428 Unused Serialized files (Serialized files now loaded: 0)
System memory in use before: 111.0 MB.
System memory in use after: 110.4 MB.

Unloading 177 unused Assets to reduce memory usage. Loaded Objects now: 2768.
Total: 2.790200 ms (FindLiveObjects: 0.329100 ms CreateObjectMapping: 0.184800 ms MarkObjects: 1.633600 ms  DeleteObjects: 0.641600 ms)

========================================================================
Received Prepare
Registering precompiled user dll's ...
Registered in 0.003315 seconds.
Begin MonoManager ReloadAssembly
Symbol file LoadedFromMemory is not a mono symbol file
Symbol file LoadedFromMemory is not a mono symbol file
Symbol file LoadedFromMemory is not a mono symbol file
Symbol file LoadedFromMemory is not a mono symbol file
Symbol file LoadedFromMemory is not a mono symbol file
Native extension for WindowsStandalone target not found
Refreshing native plugins compatible for Editor in 0.61 ms, found 1 plugins.
Preloading 0 native plugins for Editor in 0.00 ms.
Invoked RoslynAnalysisRunner static constructor.
RoslynAnalysisRunner will not be running.
RoslynAnalysisRunner has terminated.
CreateSerializedAsset is not supported while importing out-of-process
UnityEngine.StackTraceUtility:ExtractStackTrace ()
Photon.Compression.Internal.TypeCatalogue:EnsureExists () (at Assets/Photon/PhotonUtilities/PackObject/CodeGen/TypeCatalogue.cs:210)
Photon.Compression.Internal.TypeCatalogue:Initialize () (at Assets/Photon/PhotonUtilities/PackObject/CodeGen/TypeCatalogue.cs:56)

[Assets/Photon/PhotonUtilities/PackObject/CodeGen/TypeCatalogue.cs line 210]

UnityException: Creating asset at path Assets/Photon/PhotonUtilities\PackObject\CodeGen\Editor\Resources\TypeCatalogue.asset failed.
  at (wrapper managed-to-native) UnityEditor.AssetDatabase.CreateAsset(UnityEngine.Object,string)
  at Photon.Compression.Internal.TypeCatalogue.EnsureExists () [0x0005e] in C:\Unity\Game3\Assets\Photon\PhotonUtilities\PackObject\CodeGen\TypeCatalogue.cs:210 
  at Photon.Compression.Internal.TypeCatalogue.Initialize () [0x00005] in C:\Unity\Game3\Assets\Photon\PhotonUtilities\PackObject\CodeGen\TypeCatalogue.cs:56 

(Filename: Assets/Photon/PhotonUtilities/PackObject/CodeGen/TypeCatalogue.cs Line: 210)

Mono: successfully reloaded assembly
- Completed reload, in  0.888 seconds
Platform modules already initialized, skipping
Refreshing native plugins compatible for Editor in 0.49 ms, found 1 plugins.
Preloading 0 native plugins for Editor in 0.00 ms.
Unloading 2428 Unused Serialized files (Serialized files now loaded: 0)
System memory in use before: 111.2 MB.
System memory in use after: 110.6 MB.

Unloading 177 unused Assets to reduce memory usage. Loaded Objects now: 2772.
Total: 3.057100 ms (FindLiveObjects: 0.415900 ms CreateObjectMapping: 0.202500 ms MarkObjects: 1.846400 ms  DeleteObjects: 0.590800 ms)

========================================================================
Received Prepare
Registering precompiled user dll's ...
Registered in 0.005100 seconds.
Begin MonoManager ReloadAssembly
Symbol file LoadedFromMemory is not a mono symbol file
Symbol file LoadedFromMemory is not a mono symbol file
Symbol file LoadedFromMemory is not a mono symbol file
Symbol file LoadedFromMemory is not a mono symbol file
Symbol file LoadedFromMemory is not a mono symbol file
Native extension for WindowsStandalone target not found
Refreshing native plugins compatible for Editor in 0.79 ms, found 1 plugins.
Preloading 0 native plugins for Editor in 0.00 ms.
Invoked RoslynAnalysisRunner static constructor.
RoslynAnalysisRunner will not be running.
RoslynAnalysisRunner has terminated.
CreateSerializedAsset is not supported while importing out-of-process
UnityEngine.StackTraceUtility:ExtractStackTrace ()
Photon.Compression.Internal.TypeCatalogue:EnsureExists () (at Assets/Photon/PhotonUtilities/PackObject/CodeGen/TypeCatalogue.cs:210)
Photon.Compression.Internal.TypeCatalogue:Initialize () (at Assets/Photon/PhotonUtilities/PackObject/CodeGen/TypeCatalogue.cs:56)

[Assets/Photon/PhotonUtilities/PackObject/CodeGen/TypeCatalogue.cs line 210]

UnityException: Creating asset at path Assets/Photon/PhotonUtilities\PackObject\CodeGen\Editor\Resources\TypeCatalogue.asset failed.
  at (wrapper managed-to-native) UnityEditor.AssetDatabase.CreateAsset(UnityEngine.Object,string)
  at Photon.Compression.Internal.TypeCatalogue.EnsureExists () [0x0005e] in C:\Unity\Game3\Assets\Photon\PhotonUtilities\PackObject\CodeGen\TypeCatalogue.cs:210 
  at Photon.Compression.Internal.TypeCatalogue.Initialize () [0x00005] in C:\Unity\Game3\Assets\Photon\PhotonUtilities\PackObject\CodeGen\TypeCatalogue.cs:56 

(Filename: Assets/Photon/PhotonUtilities/PackObject/CodeGen/TypeCatalogue.cs Line: 210)

Mono: successfully reloaded assembly
- Completed reload, in  0.907 seconds
Platform modules already initialized, skipping
Refreshing native plugins compatible for Editor in 0.46 ms, found 1 plugins.
Preloading 0 native plugins for Editor in 0.00 ms.
Unloading 2428 Unused Serialized files (Serialized files now loaded: 0)
System memory in use before: 111.3 MB.
System memory in use after: 110.7 MB.

Unloading 177 unused Assets to reduce memory usage. Loaded Objects now: 2776.
Total: 3.261700 ms (FindLiveObjects: 0.238300 ms CreateObjectMapping: 0.118500 ms MarkObjects: 2.097100 ms  DeleteObjects: 0.806100 ms)

========================================================================
Received Import Request.
  Time since last request: 3429.807158 seconds.
  path: Assets/Scripts/New Folder
  artifactKey: Guid(490e056d4ed1ea04289c0d17de4d35db) Importer(815301076,1909f56bfc062723c751e8b465ee728b)
Start importing Assets/Scripts/New Folder using Guid(490e056d4ed1ea04289c0d17de4d35db) Importer(815301076,1909f56bfc062723c751e8b465ee728b)  -> (artifact id: 'c097da0eeda6598c159d64b0f83621c7') in 0.010511 seconds
  Import took 0.014689 seconds .

========================================================================
Received Import Request.
  Time since last request: 6.381901 seconds.
  path: Assets/Scripts/UI
  artifactKey: Guid(490e056d4ed1ea04289c0d17de4d35db) Importer(815301076,1909f56bfc062723c751e8b465ee728b)
Start importing Assets/Scripts/UI using Guid(490e056d4ed1ea04289c0d17de4d35db) Importer(815301076,1909f56bfc062723c751e8b465ee728b)  -> (artifact id: '00c66b3a33f518ddbf8f5e4082340c7c') in 0.005849 seconds
  Import took 0.009469 seconds .

========================================================================
Received Import Request.
  Time since last request: 15.427126 seconds.
  path: Assets/Scripts/UI/PlayerEntry.cs
  artifactKey: Guid(663229a739809ef41a0b3a866ccfc2fc) Importer(815301076,1909f56bfc062723c751e8b465ee728b)
Start importing Assets/Scripts/UI/PlayerEntry.cs using Guid(663229a739809ef41a0b3a866ccfc2fc) Importer(815301076,1909f56bfc062723c751e8b465ee728b)  -> (artifact id: '577a65c99d135d5ec181e098165435be') in 0.008500 seconds
  Import took 0.012733 seconds .

========================================================================
Received Prepare
Registering precompiled user dll's ...
Registered in 0.064220 seconds.
Begin MonoManager ReloadAssembly
Symbol file LoadedFromMemory is not a mono symbol file
Symbol file LoadedFromMemory is not a mono symbol file
Symbol file LoadedFromMemory is not a mono symbol file
Symbol file LoadedFromMemory is not a mono symbol file
Symbol file LoadedFromMemory is not a mono symbol file
Native extension for WindowsStandalone target not found
Refreshing native plugins compatible for Editor in 0.56 ms, found 1 plugins.
Preloading 0 native plugins for Editor in 0.00 ms.
Invoked RoslynAnalysisRunner static constructor.
RoslynAnalysisRunner will not be running.
RoslynAnalysisRunner has terminated.
CreateSerializedAsset is not supported while importing out-of-process
UnityEngine.StackTraceUtility:ExtractStackTrace ()
Photon.Compression.Internal.TypeCatalogue:EnsureExists () (at Assets/Photon/PhotonUtilities/PackObject/CodeGen/TypeCatalogue.cs:210)
Photon.Compression.Internal.TypeCatalogue:Initialize () (at Assets/Photon/PhotonUtilities/PackObject/CodeGen/TypeCatalogue.cs:56)

[Assets/Photon/PhotonUtilities/PackObject/CodeGen/TypeCatalogue.cs line 210]

UnityException: Creating asset at path Assets/Photon/PhotonUtilities\PackObject\CodeGen\Editor\Resources\TypeCatalogue.asset failed.
  at (wrapper managed-to-native) UnityEditor.AssetDatabase.CreateAsset(UnityEngine.Object,string)
  at Photon.Compression.Internal.TypeCatalogue.EnsureExists () [0x0005e] in C:\Unity\Game3\Assets\Photon\PhotonUtilities\PackObject\CodeGen\TypeCatalogue.cs:210 
  at Photon.Compression.Internal.TypeCatalogue.Initialize () [0x00005] in C:\Unity\Game3\Assets\Photon\PhotonUtilities\PackObject\CodeGen\TypeCatalogue.cs:56 

(Filename: Assets/Photon/PhotonUtilities/PackObject/CodeGen/TypeCatalogue.cs Line: 210)

Mono: successfully reloaded assembly
- Completed reload, in  1.148 seconds
Platform modules already initialized, skipping
Refreshing native plugins compatible for Editor in 0.61 ms, found 1 plugins.
Preloading 0 native plugins for Editor in 0.00 ms.
Unloading 2429 Unused Serialized files (Serialized files now loaded: 0)
System memory in use before: 111.6 MB.
System memory in use after: 110.9 MB.

Unloading 177 unused Assets to reduce memory usage. Loaded Objects now: 2781.
Total: 3.056800 ms (FindLiveObjects: 0.328700 ms CreateObjectMapping: 0.208400 ms MarkObjects: 1.721700 ms  DeleteObjects: 0.796800 ms)

========================================================================
Received Prepare
Registering precompiled user dll's ...
Registered in 0.003739 seconds.
Begin MonoManager ReloadAssembly
Symbol file LoadedFromMemory is not a mono symbol file
Symbol file LoadedFromMemory is not a mono symbol file
Symbol file LoadedFromMemory is not a mono symbol file
Symbol file LoadedFromMemory is not a mono symbol file
Symbol file LoadedFromMemory is not a mono symbol file
Native extension for WindowsStandalone target not found
Refreshing native plugins compatible for Editor in 0.99 ms, found 1 plugins.
Preloading 0 native plugins for Editor in 0.00 ms.
Invoked RoslynAnalysisRunner static constructor.
RoslynAnalysisRunner will not be running.
RoslynAnalysisRunner has terminated.
CreateSerializedAsset is not supported while importing out-of-process
UnityEngine.StackTraceUtility:ExtractStackTrace ()
Photon.Compression.Internal.TypeCatalogue:EnsureExists () (at Assets/Photon/PhotonUtilities/PackObject/CodeGen/TypeCatalogue.cs:210)
Photon.Compression.Internal.TypeCatalogue:Initialize () (at Assets/Photon/PhotonUtilities/PackObject/CodeGen/TypeCatalogue.cs:56)

[Assets/Photon/PhotonUtilities/PackObject/CodeGen/TypeCatalogue.cs line 210]

UnityException: Creating asset at path Assets/Photon/PhotonUtilities\PackObject\CodeGen\Editor\Resources\TypeCatalogue.asset failed.
  at (wrapper managed-to-native) UnityEditor.AssetDatabase.CreateAsset(UnityEngine.Object,string)
  at Photon.Compression.Internal.TypeCatalogue.EnsureExists () [0x0005e] in C:\Unity\Game3\Assets\Photon\PhotonUtilities\PackObject\CodeGen\TypeCatalogue.cs:210 
  at Photon.Compression.Internal.TypeCatalogue.Initialize () [0x00005] in C:\Unity\Game3\Assets\Photon\PhotonUtilities\PackObject\CodeGen\TypeCatalogue.cs:56 

(Filename: Assets/Photon/PhotonUtilities/PackObject/CodeGen/TypeCatalogue.cs Line: 210)

Mono: successfully reloaded assembly
- Completed reload, in  0.918 seconds
Platform modules already initialized, skipping
Refreshing native plugins compatible for Editor in 0.46 ms, found 1 plugins.
Preloading 0 native plugins for Editor in 0.00 ms.
Unloading 2429 Unused Serialized files (Serialized files now loaded: 0)
System memory in use before: 111.7 MB.
System memory in use after: 111.1 MB.

Unloading 177 unused Assets to reduce memory usage. Loaded Objects now: 2785.
Total: 2.452900 ms (FindLiveObjects: 0.245700 ms CreateObjectMapping: 0.124500 ms MarkObjects: 1.476300 ms  DeleteObjects: 0.605400 ms)

========================================================================
Received Import Request.
  Time since last request: 1403.501596 seconds.
  path: Assets/Scripts/UI/PlayerEntry.cs
  artifactKey: Guid(663229a739809ef41a0b3a866ccfc2fc) Importer(815301076,1909f56bfc062723c751e8b465ee728b)
Start importing Assets/Scripts/UI/PlayerEntry.cs using Guid(663229a739809ef41a0b3a866ccfc2fc) Importer(815301076,1909f56bfc062723c751e8b465ee728b)  -> (artifact id: '061e315c8f1a66c3c2063a75b09aa92d') in 0.009474 seconds
  Import took 0.013140 seconds .

========================================================================
Received Import Request.
  Time since last request: 3113.810624 seconds.
  path: Assets/Game/Prefabs/Player Entry.prefab
  artifactKey: Guid(7ddf9c3901bd2be4f9f784a5dd7359ee) Importer(815301076,1909f56bfc062723c751e8b465ee728b)
Start importing Assets/Game/Prefabs/Player Entry.prefab using Guid(7ddf9c3901bd2be4f9f784a5dd7359ee) Importer(815301076,1909f56bfc062723c751e8b465ee728b)  -> (artifact id: '204cdb35fa582d0c8ee33949236d4b6c') in 0.089575 seconds
  Import took 0.096985 seconds .

========================================================================
Received Prepare
Registering precompiled user dll's ...
Registered in 0.003633 seconds.
Begin MonoManager ReloadAssembly
Symbol file LoadedFromMemory is not a mono symbol file
Symbol file LoadedFromMemory is not a mono symbol file
Symbol file LoadedFromMemory is not a mono symbol file
Symbol file LoadedFromMemory is not a mono symbol file
Symbol file LoadedFromMemory is not a mono symbol file
Native extension for WindowsStandalone target not found
Refreshing native plugins compatible for Editor in 0.47 ms, found 1 plugins.
Preloading 0 native plugins for Editor in 0.00 ms.
Invoked RoslynAnalysisRunner static constructor.
RoslynAnalysisRunner will not be running.
RoslynAnalysisRunner has terminated.
CreateSerializedAsset is not supported while importing out-of-process
UnityEngine.StackTraceUtility:ExtractStackTrace ()
Photon.Compression.Internal.TypeCatalogue:EnsureExists () (at Assets/Photon/PhotonUtilities/PackObject/CodeGen/TypeCatalogue.cs:210)
Photon.Compression.Internal.TypeCatalogue:Initialize () (at Assets/Photon/PhotonUtilities/PackObject/CodeGen/TypeCatalogue.cs:56)

[Assets/Photon/PhotonUtilities/PackObject/CodeGen/TypeCatalogue.cs line 210]

UnityException: Creating asset at path Assets/Photon/PhotonUtilities\PackObject\CodeGen\Editor\Resources\TypeCatalogue.asset failed.
  at (wrapper managed-to-native) UnityEditor.AssetDatabase.CreateAsset(UnityEngine.Object,string)
  at Photon.Compression.Internal.TypeCatalogue.EnsureExists () [0x0005e] in C:\Unity\Game3\Assets\Photon\PhotonUtilities\PackObject\CodeGen\TypeCatalogue.cs:210 
  at Photon.Compression.Internal.TypeCatalogue.Initialize () [0x00005] in C:\Unity\Game3\Assets\Photon\PhotonUtilities\PackObject\CodeGen\TypeCatalogue.cs:56 

(Filename: Assets/Photon/PhotonUtilities/PackObject/CodeGen/TypeCatalogue.cs Line: 210)

Mono: successfully reloaded assembly
- Completed reload, in  1.006 seconds
Platform modules already initialized, skipping
Refreshing native plugins compatible for Editor in 0.98 ms, found 1 plugins.
Preloading 0 native plugins for Editor in 0.00 ms.
Unloading 2429 Unused Serialized files (Serialized files now loaded: 0)
System memory in use before: 111.9 MB.
System memory in use after: 111.2 MB.

Unloading 177 unused Assets to reduce memory usage. Loaded Objects now: 2789.
Total: 3.030900 ms (FindLiveObjects: 0.369900 ms CreateObjectMapping: 0.234800 ms MarkObjects: 1.754100 ms  DeleteObjects: 0.670900 ms)

========================================================================
Received Prepare
Registering precompiled user dll's ...
Registered in 0.003550 seconds.
Begin MonoManager ReloadAssembly
Symbol file LoadedFromMemory is not a mono symbol file
Symbol file LoadedFromMemory is not a mono symbol file
Symbol file LoadedFromMemory is not a mono symbol file
Symbol file LoadedFromMemory is not a mono symbol file
Symbol file LoadedFromMemory is not a mono symbol file
Native extension for WindowsStandalone target not found
Refreshing native plugins compatible for Editor in 0.78 ms, found 1 plugins.
Preloading 0 native plugins for Editor in 0.00 ms.
Invoked RoslynAnalysisRunner static constructor.
RoslynAnalysisRunner will not be running.
RoslynAnalysisRunner has terminated.
CreateSerializedAsset is not supported while importing out-of-process
UnityEngine.StackTraceUtility:ExtractStackTrace ()
Photon.Compression.Internal.TypeCatalogue:EnsureExists () (at Assets/Photon/PhotonUtilities/PackObject/CodeGen/TypeCatalogue.cs:210)
Photon.Compression.Internal.TypeCatalogue:Initialize () (at Assets/Photon/PhotonUtilities/PackObject/CodeGen/TypeCatalogue.cs:56)

[Assets/Photon/PhotonUtilities/PackObject/CodeGen/TypeCatalogue.cs line 210]

UnityException: Creating asset at path Assets/Photon/PhotonUtilities\PackObject\CodeGen\Editor\Resources\TypeCatalogue.asset failed.
  at (wrapper managed-to-native) UnityEditor.AssetDatabase.CreateAsset(UnityEngine.Object,string)
  at Photon.Compression.Internal.TypeCatalogue.EnsureExists () [0x0005e] in C:\Unity\Game3\Assets\Photon\PhotonUtilities\PackObject\CodeGen\TypeCatalogue.cs:210 
  at Photon.Compression.Internal.TypeCatalogue.Initialize () [0x00005] in C:\Unity\Game3\Assets\Photon\PhotonUtilities\PackObject\CodeGen\TypeCatalogue.cs:56 

(Filename: Assets/Photon/PhotonUtilities/PackObject/CodeGen/TypeCatalogue.cs Line: 210)

Mono: successfully reloaded assembly
- Completed reload, in  0.915 seconds
Platform modules already initialized, skipping
Refreshing native plugins compatible for Editor in 0.63 ms, found 1 plugins.
Preloading 0 native plugins for Editor in 0.00 ms.
Unloading 2429 Unused Serialized files (Serialized files now loaded: 0)
System memory in use before: 112.0 MB.
System memory in use after: 111.4 MB.

Unloading 177 unused Assets to reduce memory usage. Loaded Objects now: 2793.
Total: 2.852400 ms (FindLiveObjects: 0.323000 ms CreateObjectMapping: 0.190200 ms MarkObjects: 1.756200 ms  DeleteObjects: 0.581700 ms)

========================================================================
Received Import Request.
  Time since last request: 1445.297151 seconds.
  path: Assets/Game/Prefabs/PlayerEntryPrefab.prefab
  artifactKey: Guid(7ddf9c3901bd2be4f9f784a5dd7359ee) Importer(815301076,1909f56bfc062723c751e8b465ee728b)
Start importing Assets/Game/Prefabs/PlayerEntryPrefab.prefab using Guid(7ddf9c3901bd2be4f9f784a5dd7359ee) Importer(815301076,1909f56bfc062723c751e8b465ee728b)  -> (artifact id: '9366a88aff1ad8ce8beb98d0ce7f4647') in 0.063600 seconds
  Import took 0.068318 seconds .

========================================================================
Received Prepare
Registering precompiled user dll's ...
Registered in 0.004735 seconds.
Begin MonoManager ReloadAssembly
Symbol file LoadedFromMemory is not a mono symbol file
Symbol file LoadedFromMemory is not a mono symbol file
Symbol file LoadedFromMemory is not a mono symbol file
Symbol file LoadedFromMemory is not a mono symbol file
Symbol file LoadedFromMemory is not a mono symbol file
Native extension for WindowsStandalone target not found
Refreshing native plugins compatible for Editor in 0.60 ms, found 1 plugins.
Preloading 0 native plugins for Editor in 0.00 ms.
Invoked RoslynAnalysisRunner static constructor.
RoslynAnalysisRunner will not be running.
RoslynAnalysisRunner has terminated.
CreateSerializedAsset is not supported while importing out-of-process
UnityEngine.StackTraceUtility:ExtractStackTrace ()
Photon.Compression.Internal.TypeCatalogue:EnsureExists () (at Assets/Photon/PhotonUtilities/PackObject/CodeGen/TypeCatalogue.cs:210)
Photon.Compression.Internal.TypeCatalogue:Initialize () (at Assets/Photon/PhotonUtilities/PackObject/CodeGen/TypeCatalogue.cs:56)

[Assets/Photon/PhotonUtilities/PackObject/CodeGen/TypeCatalogue.cs line 210]

UnityException: Creating asset at path Assets/Photon/PhotonUtilities\PackObject\CodeGen\Editor\Resources\TypeCatalogue.asset failed.
  at (wrapper managed-to-native) UnityEditor.AssetDatabase.CreateAsset(UnityEngine.Object,string)
  at Photon.Compression.Internal.TypeCatalogue.EnsureExists () [0x0005e] in C:\Unity\Game3\Assets\Photon\PhotonUtilities\PackObject\CodeGen\TypeCatalogue.cs:210 
  at Photon.Compression.Internal.TypeCatalogue.Initialize () [0x00005] in C:\Unity\Game3\Assets\Photon\PhotonUtilities\PackObject\CodeGen\TypeCatalogue.cs:56 

(Filename: Assets/Photon/PhotonUtilities/PackObject/CodeGen/TypeCatalogue.cs Line: 210)

Mono: successfully reloaded assembly
- Completed reload, in  0.885 seconds
Platform modules already initialized, skipping
Refreshing native plugins compatible for Editor in 0.71 ms, found 1 plugins.
Preloading 0 native plugins for Editor in 0.00 ms.
Unloading 2429 Unused Serialized files (Serialized files now loaded: 0)
System memory in use before: 112.1 MB.
System memory in use after: 111.4 MB.

Unloading 177 unused Assets to reduce memory usage. Loaded Objects now: 2797.
Total: 2.579300 ms (FindLiveObjects: 0.263200 ms CreateObjectMapping: 0.127400 ms MarkObjects: 1.607100 ms  DeleteObjects: 0.580300 ms)

========================================================================
Received Import Request.
  Time since last request: 201.656190 seconds.
  path: Assets/Game/Prefabs/PlayerEntryPrefab.prefab
  artifactKey: Guid(7ddf9c3901bd2be4f9f784a5dd7359ee) Importer(815301076,1909f56bfc062723c751e8b465ee728b)
Start importing Assets/Game/Prefabs/PlayerEntryPrefab.prefab using Guid(7ddf9c3901bd2be4f9f784a5dd7359ee) Importer(815301076,1909f56bfc062723c751e8b465ee728b)  -> (artifact id: '90007a28d1c1cf69e248c6f491371c70') in 0.057712 seconds
  Import took 0.061866 seconds .

========================================================================
Received Prepare
Registering precompiled user dll's ...
Registered in 0.004517 seconds.
Begin MonoManager ReloadAssembly
Symbol file LoadedFromMemory is not a mono symbol file
Symbol file LoadedFromMemory is not a mono symbol file
Symbol file LoadedFromMemory is not a mono symbol file
Symbol file LoadedFromMemory is not a mono symbol file
Symbol file LoadedFromMemory is not a mono symbol file
Native extension for WindowsStandalone target not found
Refreshing native plugins compatible for Editor in 0.45 ms, found 1 plugins.
Preloading 0 native plugins for Editor in 0.00 ms.
Invoked RoslynAnalysisRunner static constructor.
RoslynAnalysisRunner will not be running.
RoslynAnalysisRunner has terminated.
CreateSerializedAsset is not supported while importing out-of-process
UnityEngine.StackTraceUtility:ExtractStackTrace ()
Photon.Compression.Internal.TypeCatalogue:EnsureExists () (at Assets/Photon/PhotonUtilities/PackObject/CodeGen/TypeCatalogue.cs:210)
Photon.Compression.Internal.TypeCatalogue:Initialize () (at Assets/Photon/PhotonUtilities/PackObject/CodeGen/TypeCatalogue.cs:56)

[Assets/Photon/PhotonUtilities/PackObject/CodeGen/TypeCatalogue.cs line 210]

UnityException: Creating asset at path Assets/Photon/PhotonUtilities\PackObject\CodeGen\Editor\Resources\TypeCatalogue.asset failed.
  at (wrapper managed-to-native) UnityEditor.AssetDatabase.CreateAsset(UnityEngine.Object,string)
  at Photon.Compression.Internal.TypeCatalogue.EnsureExists () [0x0005e] in C:\Unity\Game3\Assets\Photon\PhotonUtilities\PackObject\CodeGen\TypeCatalogue.cs:210 
  at Photon.Compression.Internal.TypeCatalogue.Initialize () [0x00005] in C:\Unity\Game3\Assets\Photon\PhotonUtilities\PackObject\CodeGen\TypeCatalogue.cs:56 

(Filename: Assets/Photon/PhotonUtilities/PackObject/CodeGen/TypeCatalogue.cs Line: 210)

Mono: successfully reloaded assembly
- Completed reload, in  0.938 seconds
Platform modules already initialized, skipping
Refreshing native plugins compatible for Editor in 0.56 ms, found 1 plugins.
Preloading 0 native plugins for Editor in 0.00 ms.
Unloading 2429 Unused Serialized files (Serialized files now loaded: 0)
System memory in use before: 112.2 MB.
System memory in use after: 111.5 MB.

Unloading 177 unused Assets to reduce memory usage. Loaded Objects now: 2801.
Total: 2.949900 ms (FindLiveObjects: 0.358900 ms CreateObjectMapping: 0.184300 ms MarkObjects: 1.723000 ms  DeleteObjects: 0.681800 ms)

========================================================================
Received Prepare
Registering precompiled user dll's ...
Registered in 0.003766 seconds.
Begin MonoManager ReloadAssembly
Symbol file LoadedFromMemory is not a mono symbol file
Symbol file LoadedFromMemory is not a mono symbol file
Symbol file LoadedFromMemory is not a mono symbol file
Symbol file LoadedFromMemory is not a mono symbol file
Symbol file LoadedFromMemory is not a mono symbol file
Native extension for WindowsStandalone target not found
Refreshing native plugins compatible for Editor in 0.52 ms, found 1 plugins.
Preloading 0 native plugins for Editor in 0.00 ms.
Invoked RoslynAnalysisRunner static constructor.
RoslynAnalysisRunner will not be running.
RoslynAnalysisRunner has terminated.
CreateSerializedAsset is not supported while importing out-of-process
UnityEngine.StackTraceUtility:ExtractStackTrace ()
Photon.Compression.Internal.TypeCatalogue:EnsureExists () (at Assets/Photon/PhotonUtilities/PackObject/CodeGen/TypeCatalogue.cs:210)
Photon.Compression.Internal.TypeCatalogue:Initialize () (at Assets/Photon/PhotonUtilities/PackObject/CodeGen/TypeCatalogue.cs:56)

[Assets/Photon/PhotonUtilities/PackObject/CodeGen/TypeCatalogue.cs line 210]

UnityException: Creating asset at path Assets/Photon/PhotonUtilities\PackObject\CodeGen\Editor\Resources\TypeCatalogue.asset failed.
  at (wrapper managed-to-native) UnityEditor.AssetDatabase.CreateAsset(UnityEngine.Object,string)
  at Photon.Compression.Internal.TypeCatalogue.EnsureExists () [0x0005e] in C:\Unity\Game3\Assets\Photon\PhotonUtilities\PackObject\CodeGen\TypeCatalogue.cs:210 
  at Photon.Compression.Internal.TypeCatalogue.Initialize () [0x00005] in C:\Unity\Game3\Assets\Photon\PhotonUtilities\PackObject\CodeGen\TypeCatalogue.cs:56 

(Filename: Assets/Photon/PhotonUtilities/PackObject/CodeGen/TypeCatalogue.cs Line: 210)

Mono: successfully reloaded assembly
- Completed reload, in  0.939 seconds
Platform modules already initialized, skipping
Refreshing native plugins compatible for Editor in 0.44 ms, found 1 plugins.
Preloading 0 native plugins for Editor in 0.00 ms.
Unloading 2429 Unused Serialized files (Serialized files now loaded: 0)
System memory in use before: 111.4 MB.
System memory in use after: 110.8 MB.

Unloading 177 unused Assets to reduce memory usage. Loaded Objects now: 2805.
Total: 2.497400 ms (FindLiveObjects: 0.278100 ms CreateObjectMapping: 0.154700 ms MarkObjects: 1.478500 ms  DeleteObjects: 0.585100 ms)

========================================================================
Received Prepare
Registering precompiled user dll's ...
Registered in 0.003862 seconds.
Begin MonoManager ReloadAssembly
Symbol file LoadedFromMemory is not a mono symbol file
Symbol file LoadedFromMemory is not a mono symbol file
Symbol file LoadedFromMemory is not a mono symbol file
Symbol file LoadedFromMemory is not a mono symbol file
Symbol file LoadedFromMemory is not a mono symbol file
Native extension for WindowsStandalone target not found
Refreshing native plugins compatible for Editor in 0.59 ms, found 1 plugins.
Preloading 0 native plugins for Editor in 0.00 ms.
Invoked RoslynAnalysisRunner static constructor.
RoslynAnalysisRunner will not be running.
RoslynAnalysisRunner has terminated.
CreateSerializedAsset is not supported while importing out-of-process
UnityEngine.StackTraceUtility:ExtractStackTrace ()
Photon.Compression.Internal.TypeCatalogue:EnsureExists () (at Assets/Photon/PhotonUtilities/PackObject/CodeGen/TypeCatalogue.cs:210)
Photon.Compression.Internal.TypeCatalogue:Initialize () (at Assets/Photon/PhotonUtilities/PackObject/CodeGen/TypeCatalogue.cs:56)

[Assets/Photon/PhotonUtilities/PackObject/CodeGen/TypeCatalogue.cs line 210]

UnityException: Creating asset at path Assets/Photon/PhotonUtilities\PackObject\CodeGen\Editor\Resources\TypeCatalogue.asset failed.
  at (wrapper managed-to-native) UnityEditor.AssetDatabase.CreateAsset(UnityEngine.Object,string)
  at Photon.Compression.Internal.TypeCatalogue.EnsureExists () [0x0005e] in C:\Unity\Game3\Assets\Photon\PhotonUtilities\PackObject\CodeGen\TypeCatalogue.cs:210 
  at Photon.Compression.Internal.TypeCatalogue.Initialize () [0x00005] in C:\Unity\Game3\Assets\Photon\PhotonUtilities\PackObject\CodeGen\TypeCatalogue.cs:56 

(Filename: Assets/Photon/PhotonUtilities/PackObject/CodeGen/TypeCatalogue.cs Line: 210)

Mono: successfully reloaded assembly
- Completed reload, in  0.869 seconds
Platform modules already initialized, skipping
Refreshing native plugins compatible for Editor in 0.57 ms, found 1 plugins.
Preloading 0 native plugins for Editor in 0.00 ms.
Unloading 2429 Unused Serialized files (Serialized files now loaded: 0)
System memory in use before: 111.6 MB.
System memory in use after: 110.9 MB.

Unloading 177 unused Assets to reduce memory usage. Loaded Objects now: 2809.
Total: 4.549300 ms (FindLiveObjects: 0.393600 ms CreateObjectMapping: 0.232500 ms MarkObjects: 2.816800 ms  DeleteObjects: 1.104400 ms)

========================================================================
Received Prepare
Registering precompiled user dll's ...
Registered in 0.003704 seconds.
Begin MonoManager ReloadAssembly
Symbol file LoadedFromMemory is not a mono symbol file
Symbol file LoadedFromMemory is not a mono symbol file
Symbol file LoadedFromMemory is not a mono symbol file
Symbol file LoadedFromMemory is not a mono symbol file
Symbol file LoadedFromMemory is not a mono symbol file
Native extension for WindowsStandalone target not found
Refreshing native plugins compatible for Editor in 0.46 ms, found 1 plugins.
Preloading 0 native plugins for Editor in 0.00 ms.
Invoked RoslynAnalysisRunner static constructor.
RoslynAnalysisRunner will not be running.
RoslynAnalysisRunner has terminated.
CreateSerializedAsset is not supported while importing out-of-process
UnityEngine.StackTraceUtility:ExtractStackTrace ()
Photon.Compression.Internal.TypeCatalogue:EnsureExists () (at Assets/Photon/PhotonUtilities/PackObject/CodeGen/TypeCatalogue.cs:210)
Photon.Compression.Internal.TypeCatalogue:Initialize () (at Assets/Photon/PhotonUtilities/PackObject/CodeGen/TypeCatalogue.cs:56)

[Assets/Photon/PhotonUtilities/PackObject/CodeGen/TypeCatalogue.cs line 210]

UnityException: Creating asset at path Assets/Photon/PhotonUtilities\PackObject\CodeGen\Editor\Resources\TypeCatalogue.asset failed.
  at (wrapper managed-to-native) UnityEditor.AssetDatabase.CreateAsset(UnityEngine.Object,string)
  at Photon.Compression.Internal.TypeCatalogue.EnsureExists () [0x0005e] in C:\Unity\Game3\Assets\Photon\PhotonUtilities\PackObject\CodeGen\TypeCatalogue.cs:210 
  at Photon.Compression.Internal.TypeCatalogue.Initialize () [0x00005] in C:\Unity\Game3\Assets\Photon\PhotonUtilities\PackObject\CodeGen\TypeCatalogue.cs:56 

(Filename: Assets/Photon/PhotonUtilities/PackObject/CodeGen/TypeCatalogue.cs Line: 210)

Mono: successfully reloaded assembly
- Completed reload, in  0.884 seconds
Platform modules already initialized, skipping
Refreshing native plugins compatible for Editor in 0.46 ms, found 1 plugins.
Preloading 0 native plugins for Editor in 0.00 ms.
Unloading 2429 Unused Serialized files (Serialized files now loaded: 0)
System memory in use before: 111.7 MB.
System memory in use after: 111.1 MB.

Unloading 177 unused Assets to reduce memory usage. Loaded Objects now: 2813.
Total: 3.592100 ms (FindLiveObjects: 0.537900 ms CreateObjectMapping: 0.363900 ms MarkObjects: 2.112100 ms  DeleteObjects: 0.574600 ms)

========================================================================
Received Prepare
Registering precompiled user dll's ...
Registered in 0.003392 seconds.
Begin MonoManager ReloadAssembly
Symbol file LoadedFromMemory is not a mono symbol file
Symbol file LoadedFromMemory is not a mono symbol file
Symbol file LoadedFromMemory is not a mono symbol file
Symbol file LoadedFromMemory is not a mono symbol file
Symbol file LoadedFromMemory is not a mono symbol file
Native extension for WindowsStandalone target not found
Refreshing native plugins compatible for Editor in 0.55 ms, found 1 plugins.
Preloading 0 native plugins for Editor in 0.00 ms.
Invoked RoslynAnalysisRunner static constructor.
RoslynAnalysisRunner will not be running.
RoslynAnalysisRunner has terminated.
CreateSerializedAsset is not supported while importing out-of-process
UnityEngine.StackTraceUtility:ExtractStackTrace ()
Photon.Compression.Internal.TypeCatalogue:EnsureExists () (at Assets/Photon/PhotonUtilities/PackObject/CodeGen/TypeCatalogue.cs:210)
Photon.Compression.Internal.TypeCatalogue:Initialize () (at Assets/Photon/PhotonUtilities/PackObject/CodeGen/TypeCatalogue.cs:56)

[Assets/Photon/PhotonUtilities/PackObject/CodeGen/TypeCatalogue.cs line 210]

UnityException: Creating asset at path Assets/Photon/PhotonUtilities\PackObject\CodeGen\Editor\Resources\TypeCatalogue.asset failed.
  at (wrapper managed-to-native) UnityEditor.AssetDatabase.CreateAsset(UnityEngine.Object,string)
  at Photon.Compression.Internal.TypeCatalogue.EnsureExists () [0x0005e] in C:\Unity\Game3\Assets\Photon\PhotonUtilities\PackObject\CodeGen\TypeCatalogue.cs:210 
  at Photon.Compression.Internal.TypeCatalogue.Initialize () [0x00005] in C:\Unity\Game3\Assets\Photon\PhotonUtilities\PackObject\CodeGen\TypeCatalogue.cs:56 

(Filename: Assets/Photon/PhotonUtilities/PackObject/CodeGen/TypeCatalogue.cs Line: 210)

Mono: successfully reloaded assembly
- Completed reload, in  0.898 seconds
Platform modules already initialized, skipping
Refreshing native plugins compatible for Editor in 0.46 ms, found 1 plugins.
Preloading 0 native plugins for Editor in 0.00 ms.
Unloading 2429 Unused Serialized files (Serialized files now loaded: 0)
System memory in use before: 111.8 MB.
System memory in use after: 111.1 MB.

Unloading 177 unused Assets to reduce memory usage. Loaded Objects now: 2817.
Total: 2.710800 ms (FindLiveObjects: 0.285500 ms CreateObjectMapping: 0.129800 ms MarkObjects: 1.659400 ms  DeleteObjects: 0.634500 ms)

========================================================================
Received Prepare
Registering precompiled user dll's ...
Registered in 0.005398 seconds.
Begin MonoManager ReloadAssembly
Symbol file LoadedFromMemory is not a mono symbol file
Symbol file LoadedFromMemory is not a mono symbol file
Symbol file LoadedFromMemory is not a mono symbol file
Symbol file LoadedFromMemory is not a mono symbol file
Symbol file LoadedFromMemory is not a mono symbol file
Native extension for WindowsStandalone target not found
Refreshing native plugins compatible for Editor in 0.90 ms, found 1 plugins.
Preloading 0 native plugins for Editor in 0.00 ms.
Invoked RoslynAnalysisRunner static constructor.
RoslynAnalysisRunner will not be running.
RoslynAnalysisRunner has terminated.
CreateSerializedAsset is not supported while importing out-of-process
UnityEngine.StackTraceUtility:ExtractStackTrace ()
Photon.Compression.Internal.TypeCatalogue:EnsureExists () (at Assets/Photon/PhotonUtilities/PackObject/CodeGen/TypeCatalogue.cs:210)
Photon.Compression.Internal.TypeCatalogue:Initialize () (at Assets/Photon/PhotonUtilities/PackObject/CodeGen/TypeCatalogue.cs:56)

[Assets/Photon/PhotonUtilities/PackObject/CodeGen/TypeCatalogue.cs line 210]

UnityException: Creating asset at path Assets/Photon/PhotonUtilities\PackObject\CodeGen\Editor\Resources\TypeCatalogue.asset failed.
  at (wrapper managed-to-native) UnityEditor.AssetDatabase.CreateAsset(UnityEngine.Object,string)
  at Photon.Compression.Internal.TypeCatalogue.EnsureExists () [0x0005e] in C:\Unity\Game3\Assets\Photon\PhotonUtilities\PackObject\CodeGen\TypeCatalogue.cs:210 
  at Photon.Compression.Internal.TypeCatalogue.Initialize () [0x00005] in C:\Unity\Game3\Assets\Photon\PhotonUtilities\PackObject\CodeGen\TypeCatalogue.cs:56 

(Filename: Assets/Photon/PhotonUtilities/PackObject/CodeGen/TypeCatalogue.cs Line: 210)

Mono: successfully reloaded assembly
- Completed reload, in  1.264 seconds
Platform modules already initialized, skipping
Refreshing native plugins compatible for Editor in 1.20 ms, found 1 plugins.
Preloading 0 native plugins for Editor in 0.00 ms.
Unloading 2429 Unused Serialized files (Serialized files now loaded: 0)
System memory in use before: 111.9 MB.
System memory in use after: 111.3 MB.

Unloading 177 unused Assets to reduce memory usage. Loaded Objects now: 2821.
Total: 4.769600 ms (FindLiveObjects: 0.623500 ms CreateObjectMapping: 0.318400 ms MarkObjects: 2.985000 ms  DeleteObjects: 0.840600 ms)

========================================================================
Received Prepare
Registering precompiled user dll's ...
Registered in 0.003400 seconds.
Begin MonoManager ReloadAssembly
Symbol file LoadedFromMemory is not a mono symbol file
Symbol file LoadedFromMemory is not a mono symbol file
Symbol file LoadedFromMemory is not a mono symbol file
Symbol file LoadedFromMemory is not a mono symbol file
Symbol file LoadedFromMemory is not a mono symbol file
Native extension for WindowsStandalone target not found
Refreshing native plugins compatible for Editor in 0.50 ms, found 1 plugins.
Preloading 0 native plugins for Editor in 0.00 ms.
Invoked RoslynAnalysisRunner static constructor.
RoslynAnalysisRunner will not be running.
RoslynAnalysisRunner has terminated.
CreateSerializedAsset is not supported while importing out-of-process
UnityEngine.StackTraceUtility:ExtractStackTrace ()
Photon.Compression.Internal.TypeCatalogue:EnsureExists () (at Assets/Photon/PhotonUtilities/PackObject/CodeGen/TypeCatalogue.cs:210)
Photon.Compression.Internal.TypeCatalogue:Initialize () (at Assets/Photon/PhotonUtilities/PackObject/CodeGen/TypeCatalogue.cs:56)

[Assets/Photon/PhotonUtilities/PackObject/CodeGen/TypeCatalogue.cs line 210]

UnityException: Creating asset at path Assets/Photon/PhotonUtilities\PackObject\CodeGen\Editor\Resources\TypeCatalogue.asset failed.
  at (wrapper managed-to-native) UnityEditor.AssetDatabase.CreateAsset(UnityEngine.Object,string)
  at Photon.Compression.Internal.TypeCatalogue.EnsureExists () [0x0005e] in C:\Unity\Game3\Assets\Photon\PhotonUtilities\PackObject\CodeGen\TypeCatalogue.cs:210 
  at Photon.Compression.Internal.TypeCatalogue.Initialize () [0x00005] in C:\Unity\Game3\Assets\Photon\PhotonUtilities\PackObject\CodeGen\TypeCatalogue.cs:56 

(Filename: Assets/Photon/PhotonUtilities/PackObject/CodeGen/TypeCatalogue.cs Line: 210)

Mono: successfully reloaded assembly
- Completed reload, in  0.914 seconds
Platform modules already initialized, skipping
Refreshing native plugins compatible for Editor in 0.54 ms, found 1 plugins.
Preloading 0 native plugins for Editor in 0.00 ms.
Unloading 2429 Unused Serialized files (Serialized files now loaded: 0)
System memory in use before: 112.1 MB.
System memory in use after: 111.4 MB.

Unloading 177 unused Assets to reduce memory usage. Loaded Objects now: 2825.
Total: 2.689600 ms (FindLiveObjects: 0.256500 ms CreateObjectMapping: 0.140300 ms MarkObjects: 1.593900 ms  DeleteObjects: 0.698000 ms)

========================================================================
Received Import Request.
  Time since last request: 1112.322497 seconds.
  path: Assets/Scenes/Level0.unity
  artifactKey: Guid(2cda990e2423bbf4892e6590ba056729) Importer(815301076,1909f56bfc062723c751e8b465ee728b)
Start importing Assets/Scenes/Level0.unity using Guid(2cda990e2423bbf4892e6590ba056729) Importer(815301076,1909f56bfc062723c751e8b465ee728b)  -> (artifact id: '215cdfd74183dbf31054f131c8d68568') in 0.021510 seconds
  Import took 0.026114 seconds .

========================================================================
Received Import Request.
  Time since last request: 67.282174 seconds.
  path: Assets/Scripts/Core/GameManager.cs
  artifactKey: Guid(bda86ddbfe4b04349886771875e9686c) Importer(815301076,1909f56bfc062723c751e8b465ee728b)
Start importing Assets/Scripts/Core/GameManager.cs using Guid(bda86ddbfe4b04349886771875e9686c) Importer(815301076,1909f56bfc062723c751e8b465ee728b)  -> (artifact id: '5a63c3ad14c10f3f234b01a4ae22730c') in 0.010177 seconds
  Import took 0.015703 seconds .

========================================================================
Received Prepare
Registering precompiled user dll's ...
Registered in 0.004098 seconds.
Begin MonoManager ReloadAssembly
Symbol file LoadedFromMemory is not a mono symbol file
Symbol file LoadedFromMemory is not a mono symbol file
Symbol file LoadedFromMemory is not a mono symbol file
Symbol file LoadedFromMemory is not a mono symbol file
Symbol file LoadedFromMemory is not a mono symbol file
Native extension for WindowsStandalone target not found
Refreshing native plugins compatible for Editor in 0.46 ms, found 1 plugins.
Preloading 0 native plugins for Editor in 0.00 ms.
Invoked RoslynAnalysisRunner static constructor.
RoslynAnalysisRunner will not be running.
RoslynAnalysisRunner has terminated.
CreateSerializedAsset is not supported while importing out-of-process
UnityEngine.StackTraceUtility:ExtractStackTrace ()
Photon.Compression.Internal.TypeCatalogue:EnsureExists () (at Assets/Photon/PhotonUtilities/PackObject/CodeGen/TypeCatalogue.cs:210)
Photon.Compression.Internal.TypeCatalogue:Initialize () (at Assets/Photon/PhotonUtilities/PackObject/CodeGen/TypeCatalogue.cs:56)

[Assets/Photon/PhotonUtilities/PackObject/CodeGen/TypeCatalogue.cs line 210]

UnityException: Creating asset at path Assets/Photon/PhotonUtilities\PackObject\CodeGen\Editor\Resources\TypeCatalogue.asset failed.
  at (wrapper managed-to-native) UnityEditor.AssetDatabase.CreateAsset(UnityEngine.Object,string)
  at Photon.Compression.Internal.TypeCatalogue.EnsureExists () [0x0005e] in C:\Unity\Game3\Assets\Photon\PhotonUtilities\PackObject\CodeGen\TypeCatalogue.cs:210 
  at Photon.Compression.Internal.TypeCatalogue.Initialize () [0x00005] in C:\Unity\Game3\Assets\Photon\PhotonUtilities\PackObject\CodeGen\TypeCatalogue.cs:56 

(Filename: Assets/Photon/PhotonUtilities/PackObject/CodeGen/TypeCatalogue.cs Line: 210)

Mono: successfully reloaded assembly
- Completed reload, in  1.012 seconds
Platform modules already initialized, skipping
Refreshing native plugins compatible for Editor in 0.59 ms, found 1 plugins.
Preloading 0 native plugins for Editor in 0.00 ms.
Unloading 2430 Unused Serialized files (Serialized files now loaded: 0)
System memory in use before: 112.2 MB.
System memory in use after: 111.5 MB.

Unloading 177 unused Assets to reduce memory usage. Loaded Objects now: 2830.
Total: 2.581900 ms (FindLiveObjects: 0.434000 ms CreateObjectMapping: 0.119100 ms MarkObjects: 1.459600 ms  DeleteObjects: 0.568100 ms)

========================================================================
Received Import Request.
  Time since last request: 271.496584 seconds.
  path: Assets/New Folder
  artifactKey: Guid(a9f76bc5f1eecbf498c97a8f3f0e0f05) Importer(815301076,1909f56bfc062723c751e8b465ee728b)
Start importing Assets/New Folder using Guid(a9f76bc5f1eecbf498c97a8f3f0e0f05) Importer(815301076,1909f56bfc062723c751e8b465ee728b)  -> (artifact id: '4e5e32b66f3de6553590ae3abd54aa13') in 0.011881 seconds
  Import took 0.016970 seconds .

========================================================================
Received Import Request.
  Time since last request: 13.104740 seconds.
  path: Assets/Resources
  artifactKey: Guid(a9f76bc5f1eecbf498c97a8f3f0e0f05) Importer(815301076,1909f56bfc062723c751e8b465ee728b)
Start importing Assets/Resources using Guid(a9f76bc5f1eecbf498c97a8f3f0e0f05) Importer(815301076,1909f56bfc062723c751e8b465ee728b)  -> (artifact id: '4a097226c23dff0a923111622bfb3243') in 0.007684 seconds
  Import took 0.010924 seconds .

========================================================================
Received Prepare
Registering precompiled user dll's ...
Registered in 0.004201 seconds.
Begin MonoManager ReloadAssembly
Symbol file LoadedFromMemory is not a mono symbol file
Symbol file LoadedFromMemory is not a mono symbol file
Symbol file LoadedFromMemory is not a mono symbol file
Symbol file LoadedFromMemory is not a mono symbol file
Symbol file LoadedFromMemory is not a mono symbol file
Native extension for WindowsStandalone target not found
Refreshing native plugins compatible for Editor in 0.48 ms, found 1 plugins.
Preloading 0 native plugins for Editor in 0.00 ms.
Invoked RoslynAnalysisRunner static constructor.
RoslynAnalysisRunner will not be running.
RoslynAnalysisRunner has terminated.
CreateSerializedAsset is not supported while importing out-of-process
UnityEngine.StackTraceUtility:ExtractStackTrace ()
Photon.Compression.Internal.TypeCatalogue:EnsureExists () (at Assets/Photon/PhotonUtilities/PackObject/CodeGen/TypeCatalogue.cs:210)
Photon.Compression.Internal.TypeCatalogue:Initialize () (at Assets/Photon/PhotonUtilities/PackObject/CodeGen/TypeCatalogue.cs:56)

[Assets/Photon/PhotonUtilities/PackObject/CodeGen/TypeCatalogue.cs line 210]

UnityException: Creating asset at path Assets/Photon/PhotonUtilities\PackObject\CodeGen\Editor\Resources\TypeCatalogue.asset failed.
  at (wrapper managed-to-native) UnityEditor.AssetDatabase.CreateAsset(UnityEngine.Object,string)
  at Photon.Compression.Internal.TypeCatalogue.EnsureExists () [0x0005e] in C:\Unity\Game3\Assets\Photon\PhotonUtilities\PackObject\CodeGen\TypeCatalogue.cs:210 
  at Photon.Compression.Internal.TypeCatalogue.Initialize () [0x00005] in C:\Unity\Game3\Assets\Photon\PhotonUtilities\PackObject\CodeGen\TypeCatalogue.cs:56 

(Filename: Assets/Photon/PhotonUtilities/PackObject/CodeGen/TypeCatalogue.cs Line: 210)

Mono: successfully reloaded assembly
- Completed reload, in  0.895 seconds
Platform modules already initialized, skipping
Refreshing native plugins compatible for Editor in 0.63 ms, found 1 plugins.
Preloading 0 native plugins for Editor in 0.00 ms.
Unloading 2430 Unused Serialized files (Serialized files now loaded: 0)
System memory in use before: 111.5 MB.
System memory in use after: 110.8 MB.

Unloading 177 unused Assets to reduce memory usage. Loaded Objects now: 2834.
Total: 2.649300 ms (FindLiveObjects: 0.311600 ms CreateObjectMapping: 0.129400 ms MarkObjects: 1.591400 ms  DeleteObjects: 0.615800 ms)

========================================================================
Received Prepare
Registering precompiled user dll's ...
Registered in 0.003769 seconds.
Begin MonoManager ReloadAssembly
Symbol file LoadedFromMemory is not a mono symbol file
Symbol file LoadedFromMemory is not a mono symbol file
Symbol file LoadedFromMemory is not a mono symbol file
Symbol file LoadedFromMemory is not a mono symbol file
Symbol file LoadedFromMemory is not a mono symbol file
Native extension for WindowsStandalone target not found
Refreshing native plugins compatible for Editor in 0.54 ms, found 1 plugins.
Preloading 0 native plugins for Editor in 0.00 ms.
Invoked RoslynAnalysisRunner static constructor.
RoslynAnalysisRunner will not be running.
RoslynAnalysisRunner has terminated.
CreateSerializedAsset is not supported while importing out-of-process
UnityEngine.StackTraceUtility:ExtractStackTrace ()
Photon.Compression.Internal.TypeCatalogue:EnsureExists () (at Assets/Photon/PhotonUtilities/PackObject/CodeGen/TypeCatalogue.cs:210)
Photon.Compression.Internal.TypeCatalogue:Initialize () (at Assets/Photon/PhotonUtilities/PackObject/CodeGen/TypeCatalogue.cs:56)

[Assets/Photon/PhotonUtilities/PackObject/CodeGen/TypeCatalogue.cs line 210]

UnityException: Creating asset at path Assets/Photon/PhotonUtilities\PackObject\CodeGen\Editor\Resources\TypeCatalogue.asset failed.
  at (wrapper managed-to-native) UnityEditor.AssetDatabase.CreateAsset(UnityEngine.Object,string)
  at Photon.Compression.Internal.TypeCatalogue.EnsureExists () [0x0005e] in C:\Unity\Game3\Assets\Photon\PhotonUtilities\PackObject\CodeGen\TypeCatalogue.cs:210 
  at Photon.Compression.Internal.TypeCatalogue.Initialize () [0x00005] in C:\Unity\Game3\Assets\Photon\PhotonUtilities\PackObject\CodeGen\TypeCatalogue.cs:56 

(Filename: Assets/Photon/PhotonUtilities/PackObject/CodeGen/TypeCatalogue.cs Line: 210)

Mono: successfully reloaded assembly
- Completed reload, in  0.907 seconds
Platform modules already initialized, skipping
Refreshing native plugins compatible for Editor in 0.45 ms, found 1 plugins.
Preloading 0 native plugins for Editor in 0.00 ms.
Unloading 2430 Unused Serialized files (Serialized files now loaded: 0)
System memory in use before: 111.6 MB.
System memory in use after: 111.0 MB.

Unloading 177 unused Assets to reduce memory usage. Loaded Objects now: 2838.
Total: 2.660200 ms (FindLiveObjects: 0.351200 ms CreateObjectMapping: 0.150100 ms MarkObjects: 1.533000 ms  DeleteObjects: 0.624600 ms)

========================================================================
Received Import Request.
  Time since last request: 874.446808 seconds.
  path: Assets/Resources/Player.prefab
  artifactKey: Guid(fcbd39ed7334f494d848907e0d6d3c38) Importer(815301076,1909f56bfc062723c751e8b465ee728b)
Start importing Assets/Resources/Player.prefab using Guid(fcbd39ed7334f494d848907e0d6d3c38) Importer(815301076,1909f56bfc062723c751e8b465ee728b)  -> (artifact id: 'cd5f5cc13d035b886d79c31b9e7e2801') in 0.138642 seconds
  Import took 0.142744 seconds .

========================================================================
Received Import Request.
  Time since last request: 6.948743 seconds.
  path: Assets/Resources/Player.prefab
  artifactKey: Guid(fcbd39ed7334f494d848907e0d6d3c38) Importer(815301076,1909f56bfc062723c751e8b465ee728b)
Start importing Assets/Resources/Player.prefab using Guid(fcbd39ed7334f494d848907e0d6d3c38) Importer(815301076,1909f56bfc062723c751e8b465ee728b)  -> (artifact id: '4fd03a3aac9af82891fa3a6984a88a8d') in 0.014101 seconds
  Import took 0.017962 seconds .

========================================================================
Received Import Request.
  Time since last request: 36.362224 seconds.
  path: Assets/Resources/Player.prefab
  artifactKey: Guid(fcbd39ed7334f494d848907e0d6d3c38) Importer(815301076,1909f56bfc062723c751e8b465ee728b)
Start importing Assets/Resources/Player.prefab using Guid(fcbd39ed7334f494d848907e0d6d3c38) Importer(815301076,1909f56bfc062723c751e8b465ee728b)  -> (artifact id: '32c1fd84a8b274e477dbbf237416f28e') in 0.011979 seconds
  Import took 0.016136 seconds .

========================================================================
Received Import Request.
  Time since last request: 5.123846 seconds.
  path: Assets/Resources/Player.prefab
  artifactKey: Guid(fcbd39ed7334f494d848907e0d6d3c38) Importer(815301076,1909f56bfc062723c751e8b465ee728b)
Start importing Assets/Resources/Player.prefab using Guid(fcbd39ed7334f494d848907e0d6d3c38) Importer(815301076,1909f56bfc062723c751e8b465ee728b)  -> (artifact id: '2294ee6ea087b5bb261819917d37f6de') in 0.013318 seconds
  Import took 0.017891 seconds .

AssetImportWorkerClient::OnTransportError - code=2 error=End of file
